<?xml version="1.0" encoding="UTF-8"?>
<!-- Generated by org.testng.reporters.JUnitXMLReporter -->
<testsuite ignored="0" hostname="Mosouwers-MacBook-Air.local" failures="0" tests="4" name="CarLoan" time="0.027" errors="0" timestamp="2026-03-06T10:50:21 IST">
  <testcase classname="testNG.HomeLoanModule" name="HomeLoanApi" time="0.007"/>
  <testcase classname="testNG.HomeLoanModule" name="HomeLoanMobileLogin" time="0.001"/>
  <testcase classname="testNG.HomeLoanModule" name="HomeLoanMobileLogout" time="0.001"/>
  <testcase classname="testNG.HomeLoanModule" name="HomeLoanWeb" time="0.0"/>
</testsuite> <!-- CarLoan -->
