<?xml version="1.0" encoding="UTF-8"?>
<!-- Generated by org.testng.reporters.JUnitXMLReporter -->
<testsuite ignored="1" hostname="Mosouwers-MacBook-Air.local" failures="2" tests="2" name="Error Validation Test" time="12.572" errors="0" timestamp="2026-03-15T14:59:50 IST">
  <testcase classname="store.tests.ErrorValidations" name="LoginErrorValidation" time="0.416">
    <failure type="java.lang.AssertionError" message="expected [Incorrect email or password] but found [Incorrect email or password.]">
      <![CDATA[java.lang.AssertionError: expected [Incorrect email or password] but found [Incorrect email or password.]
at store.tests.ErrorValidations.LoginErrorValidation(ErrorValidations.java:77)
at java.base/java.util.ArrayList.forEach(ArrayList.java:1596)
... Removed 31 stack frames]]>
    </failure>
  </testcase> <!-- LoginErrorValidation -->
  <testcase classname="store.tests.ErrorValidations" name="LoginErrorValidation" time="2.014">
    <failure type="java.lang.AssertionError" message="expected [Incorrect email or password] but found [Incorrect email or password.]">
      <![CDATA[java.lang.AssertionError: expected [Incorrect email or password] but found [Incorrect email or password.]
at store.tests.ErrorValidations.LoginErrorValidation(ErrorValidations.java:77)
at java.base/java.util.ArrayList.forEach(ArrayList.java:1596)
... Removed 31 stack frames]]>
    </failure>
  </testcase> <!-- LoginErrorValidation -->
  <testcase classname="store.tests.ErrorValidations" name="ProductErrorValidation" time="0.0">
    <ignored/>
  </testcase> <!-- ProductErrorValidation -->
</testsuite> <!-- Error Validation Test -->
