<?xml version="1.0" encoding="UTF-8"?>
<!-- Generated by org.testng.reporters.JUnitXMLReporter -->
<testsuite ignored="1" hostname="Mosouwers-MacBook-Air.local" failures="0" tests="3" name="HomeLoan" time="0.027" errors="0" timestamp="2026-03-06T10:50:21 IST">
  <testcase classname="testNG.CarLoanModule" name="CarLoanMobile" time="0.007"/>
  <testcase classname="testNG.CarLoanModule" name="CarLoanWeb" time="0.001"/>
  <testcase classname="testNG.CarLoanModule" name="CarLoanApi" time="0.001"/>
  <testcase classname="testNG.CarLoanModule" name="CarLoanMisc" time="0.0">
    <ignored/>
  </testcase> <!-- CarLoanMisc -->
</testsuite> <!-- HomeLoan -->
