<?xml version="1.0" encoding="UTF-8"?>
<!-- Generated by org.testng.reporters.JUnitXMLReporter -->
<testsuite ignored="6" hostname="Mosouwers-MacBook-Air.local" failures="0" tests="4" name="Regression" time="0.028" errors="0" timestamp="2026-03-02T17:31:15 IST">
  <testcase classname="testNG.Day2" name="demoDay2" time="0.004"/>
  <testcase classname="testNG.AtTestAnnotation" name="demo" time="0.001"/>
  <testcase classname="testNG.CarLoanModule" name="CarLoanApi" time="0.0"/>
  <testcase classname="testNG.HomeLoanModule" name="HomeLoanApi" time="0.001"/>
  <testcase classname="testNG.CarLoanModule" name="CarLoanWeb" time="0.0">
    <ignored/>
  </testcase> <!-- CarLoanWeb -->
  <testcase classname="testNG.HomeLoanModule" name="HomeLoanMobileLogout" time="0.0">
    <ignored/>
  </testcase> <!-- HomeLoanMobileLogout -->
  <testcase classname="testNG.AtTestAnnotation" name="secondtest" time="0.0">
    <ignored/>
  </testcase> <!-- secondtest -->
  <testcase classname="testNG.HomeLoanModule" name="HomeLoanWeb" time="0.0">
    <ignored/>
  </testcase> <!-- HomeLoanWeb -->
  <testcase classname="testNG.CarLoanModule" name="CarLoanMobile" time="0.0">
    <ignored/>
  </testcase> <!-- CarLoanMobile -->
  <testcase classname="testNG.HomeLoanModule" name="HomeLoanMobileLogin" time="0.0">
    <ignored/>
  </testcase> <!-- HomeLoanMobileLogin -->
</testsuite> <!-- Regression -->
