<?xml version="1.0" encoding="UTF-8"?>
<!-- Generated by org.testng.reporters.JUnitXMLReporter -->
<testsuite ignored="0" hostname="Mosouwers-MacBook-Air.local" failures="0" tests="3" name="SmokeTest" time="0.022" errors="0" timestamp="2026-03-01T11:46:11 IST">
  <testcase classname="testNG.AtTestAnnotation" name="demo" time="0.004"/>
  <testcase classname="testNG.AtTestAnnotation" name="secondtest" time="0.0"/>
  <testcase classname="testNG.Day2" name="demoDay2" time="0.0"/>
</testsuite> <!-- SmokeTest -->
