<?xml version="1.0" encoding="UTF-8"?>
<!-- Generated by org.testng.reporters.JUnitXMLReporter -->
<testsuite ignored="0" hostname="Mosouwers-MacBook-Air.local" failures="1" tests="2" name="Submit Order Test" time="11.612" errors="0" timestamp="2026-03-18T17:14:49 IST">
  <testcase classname="store.tests.StandAloneTest" name="storeOrder" time="3.599">
    <failure type="org.openqa.selenium.ElementClickInterceptedException" message="element click intercepted: Element &amp;lt;button _ngcontent-kpj-c34=&amp;quot;&amp;quot; class=&amp;quot;btn w-10 rounded&amp;quot; style=&amp;quot;float: right;&amp;quot;&amp;gt;...&amp;lt;/button&amp;gt; is not clickable at point (691, 249). Other element would receive the click: &amp;lt;img _ngcontent-kpj-c34=&amp;quot;&amp;quot; class=&amp;quot;card-img-top&amp;quot; src=&amp;quot;https://rahulshettyacademy.com/api/ecom/uploads/productImage_1767959232316.jpeg&amp;quot;&amp;gt;
  (Session info: chrome=146.0.7680.80)
Build info: version: &amp;apos;4.33.0&amp;apos;, revision: &amp;apos;2c6aaad03a&amp;apos;
System info: os.name: &amp;apos;Mac OS X&amp;apos;, os.arch: &amp;apos;aarch64&amp;apos;, os.version: &amp;apos;13.5&amp;apos;, java.version: &amp;apos;21.0.8&amp;apos;
Driver info: org.openqa.selenium.chrome.ChromeDriver
Command: [019ba5dc59fef60e54bc069aa10b7ea2, clickElement {id=f.AC0A133DAA69BD6B0489756D16D829A2.d.6172ED3641F7733564C9E78488585832.e.59}]
Capabilities {acceptInsecureCerts: false, browserName: chrome, browserVersion: 146.0.7680.80, chrome: {chromedriverVersion: 146.0.7680.80 (f08938029c88..., userDataDir: /var/folders/c_/x_0lcfln30s...}, fedcm:accounts: true, goog:chromeOptions: {debuggerAddress: localhost:64653}, goog:processID: 71140, networkConnectionEnabled: false, pageLoadStrategy: normal, platformName: mac, proxy: Proxy(), se:cdp: ws://localhost:64653/devtoo..., se:cdpVersion: 146.0.7680.80, setWindowRect: true, strictFileInteractability: false, timeouts: {implicit: 0, pageLoad: 300000, script: 30000}, unhandledPromptBehavior: dismiss and notify, webauthn:extension:credBlob: true, webauthn:extension:largeBlob: true, webauthn:extension:minPinLength: true, webauthn:extension:prf: true, webauthn:virtualAuthenticators: true}
Element: [[[[ChromeDriver: chrome on mac (019ba5dc59fef60e54bc069aa10b7ea2)] -&amp;gt; css selector: .col-lg-4]] -&amp;gt; css selector: button:last-of-type]
Session ID: 019ba5dc59fef60e54bc069aa10b7ea2">
      <![CDATA[org.openqa.selenium.ElementClickInterceptedException: element click intercepted: Element <button _ngcontent-kpj-c34="" class="btn w-10 rounded" style="float: right;">...</button> is not clickable at point (691, 249). Other element would receive the click: <img _ngcontent-kpj-c34="" class="card-img-top" src="https://rahulshettyacademy.com/api/ecom/uploads/productImage_1767959232316.jpeg">
  (Session info: chrome=146.0.7680.80)
Build info: version: '4.33.0', revision: '2c6aaad03a'
System info: os.name: 'Mac OS X', os.arch: 'aarch64', os.version: '13.5', java.version: '21.0.8'
Driver info: org.openqa.selenium.chrome.ChromeDriver
Command: [019ba5dc59fef60e54bc069aa10b7ea2, clickElement {id=f.AC0A133DAA69BD6B0489756D16D829A2.d.6172ED3641F7733564C9E78488585832.e.59}]
Capabilities {acceptInsecureCerts: false, browserName: chrome, browserVersion: 146.0.7680.80, chrome: {chromedriverVersion: 146.0.7680.80 (f08938029c88..., userDataDir: /var/folders/c_/x_0lcfln30s...}, fedcm:accounts: true, goog:chromeOptions: {debuggerAddress: localhost:64653}, goog:processID: 71140, networkConnectionEnabled: false, pageLoadStrategy: normal, platformName: mac, proxy: Proxy(), se:cdp: ws://localhost:64653/devtoo..., se:cdpVersion: 146.0.7680.80, setWindowRect: true, strictFileInteractability: false, timeouts: {implicit: 0, pageLoad: 300000, script: 30000}, unhandledPromptBehavior: dismiss and notify, webauthn:extension:credBlob: true, webauthn:extension:largeBlob: true, webauthn:extension:minPinLength: true, webauthn:extension:prf: true, webauthn:virtualAuthenticators: true}
Element: [[[[ChromeDriver: chrome on mac (019ba5dc59fef60e54bc069aa10b7ea2)] -> css selector: .col-lg-4]] -> css selector: button:last-of-type]
Session ID: 019ba5dc59fef60e54bc069aa10b7ea2
at org.openqa.selenium.remote.ErrorCodec.decode(ErrorCodec.java:167)
at org.openqa.selenium.remote.codec.w3c.W3CHttpResponseCodec.decode(W3CHttpResponseCodec.java:138)
at org.openqa.selenium.remote.codec.w3c.W3CHttpResponseCodec.decode(W3CHttpResponseCodec.java:50)
at org.openqa.selenium.remote.HttpCommandExecutor.execute(HttpCommandExecutor.java:215)
at org.openqa.selenium.remote.service.DriverCommandExecutor.invokeExecute(DriverCommandExecutor.java:216)
at org.openqa.selenium.remote.service.DriverCommandExecutor.execute(DriverCommandExecutor.java:174)
at org.openqa.selenium.remote.RemoteWebDriver.execute(RemoteWebDriver.java:544)
at org.openqa.selenium.remote.RemoteWebElement.execute(RemoteWebElement.java:223)
at org.openqa.selenium.remote.RemoteWebElement.click(RemoteWebElement.java:76)
at store.pageObjects.ProductCateloge.addToCart(ProductCateloge.java:56)
at store.tests.StandAloneTest.storeOrder(StandAloneTest.java:39)
at java.base/java.util.ArrayList.forEach(ArrayList.java:1596)
... Removed 28 stack frames]]>
    </failure>
  </testcase> <!-- storeOrder -->
  <testcase classname="store.tests.StandAloneTest" name="OrderHistory" time="0.0">
    <skipped/>
  </testcase> <!-- OrderHistory -->
</testsuite> <!-- Submit Order Test -->
