<?xml version="1.0" encoding="UTF-8"?>
<testng-results ignored="0" total="2" passed="2" failed="0" skipped="0">
  <reporter-output>
  </reporter-output>
  <suite started-at="2026-06-28T18:53:02 IST" name="Surefire suite" finished-at="2026-06-28T18:53:20 IST" duration-ms="17812">
    <groups>
    </groups>
    <test started-at="2026-06-28T18:53:02 IST" name="Surefire test" finished-at="2026-06-28T18:53:20 IST" duration-ms="17812">
      <class name="store.tests.StandAloneTest">
        <test-method is-config="true" signature="launchApplication()[pri:0, instance:store.tests.StandAloneTest@1a38c59b]" started-at="2026-06-28T18:53:02 IST" name="launchApplication" finished-at="2026-06-28T18:53:05 IST" duration-ms="2823" status="PASS">
          <reporter-output>
          </reporter-output>
        </test-method> <!-- launchApplication -->
        <test-method signature="storeOrder()[pri:0, instance:store.tests.StandAloneTest@1a38c59b]" started-at="2026-06-28T18:53:05 IST" name="storeOrder" finished-at="2026-06-28T18:53:11 IST" duration-ms="6091" status="PASS">
          <reporter-output>
          </reporter-output>
        </test-method> <!-- storeOrder -->
        <test-method is-config="true" signature="closeApplication()[pri:0, instance:store.tests.StandAloneTest@1a38c59b]" started-at="2026-06-28T18:53:11 IST" name="closeApplication" finished-at="2026-06-28T18:53:13 IST" duration-ms="2179" status="PASS">
          <reporter-output>
          </reporter-output>
        </test-method> <!-- closeApplication -->
        <test-method is-config="true" signature="launchApplication()[pri:0, instance:store.tests.StandAloneTest@1a38c59b]" started-at="2026-06-28T18:53:13 IST" name="launchApplication" finished-at="2026-06-28T18:53:14 IST" duration-ms="1357" status="PASS">
          <reporter-output>
          </reporter-output>
        </test-method> <!-- launchApplication -->
        <test-method signature="OrderHistory()[pri:0, instance:store.tests.StandAloneTest@1a38c59b]" started-at="2026-06-28T18:53:14 IST" name="OrderHistory" finished-at="2026-06-28T18:53:18 IST" depends-on-methods="store.tests.StandAloneTest.storeOrder" duration-ms="3174" status="PASS">
          <reporter-output>
          </reporter-output>
        </test-method> <!-- OrderHistory -->
        <test-method is-config="true" signature="closeApplication()[pri:0, instance:store.tests.StandAloneTest@1a38c59b]" started-at="2026-06-28T18:53:18 IST" name="closeApplication" finished-at="2026-06-28T18:53:20 IST" duration-ms="2170" status="PASS">
          <reporter-output>
          </reporter-output>
        </test-method> <!-- closeApplication -->
      </class> <!-- store.tests.StandAloneTest -->
    </test> <!-- Surefire test -->
  </suite> <!-- Surefire suite -->
</testng-results>
