<?xml version="1.0" encoding="UTF-8"?>
<testng-results ignored="0" total="2" passed="2" failed="0" skipped="0">
  <reporter-output>
  </reporter-output>
  <suite started-at="2026-04-13T14:45:00 IST" name="Surefire suite" finished-at="2026-04-13T14:45:25 IST" duration-ms="24662">
    <groups>
    </groups>
    <test started-at="2026-04-13T14:45:00 IST" name="Surefire test" finished-at="2026-04-13T14:45:25 IST" duration-ms="24662">
      <class name="store.tests.StandAloneTest">
        <test-method is-config="true" signature="launchApplication()[pri:0, instance:store.tests.StandAloneTest@1a38c59b]" started-at="2026-04-13T14:45:00 IST" name="launchApplication" finished-at="2026-04-13T14:45:08 IST" duration-ms="7579" status="PASS">
          <reporter-output>
          </reporter-output>
        </test-method> <!-- launchApplication -->
        <test-method signature="storeOrder()[pri:0, instance:store.tests.StandAloneTest@1a38c59b]" started-at="2026-04-13T14:45:08 IST" name="storeOrder" finished-at="2026-04-13T14:45:14 IST" duration-ms="5826" status="PASS">
          <reporter-output>
          </reporter-output>
        </test-method> <!-- storeOrder -->
        <test-method is-config="true" signature="closeApplication()[pri:0, instance:store.tests.StandAloneTest@1a38c59b]" started-at="2026-04-13T14:45:14 IST" name="closeApplication" finished-at="2026-04-13T14:45:16 IST" duration-ms="2164" status="PASS">
          <reporter-output>
          </reporter-output>
        </test-method> <!-- closeApplication -->
        <test-method is-config="true" signature="launchApplication()[pri:0, instance:store.tests.StandAloneTest@1a38c59b]" started-at="2026-04-13T14:45:16 IST" name="launchApplication" finished-at="2026-04-13T14:45:20 IST" duration-ms="4151" status="PASS">
          <reporter-output>
          </reporter-output>
        </test-method> <!-- launchApplication -->
        <test-method signature="OrderHistory()[pri:0, instance:store.tests.StandAloneTest@1a38c59b]" started-at="2026-04-13T14:45:20 IST" name="OrderHistory" finished-at="2026-04-13T14:45:23 IST" depends-on-methods="store.tests.StandAloneTest.storeOrder" duration-ms="2766" status="PASS">
          <reporter-output>
          </reporter-output>
        </test-method> <!-- OrderHistory -->
        <test-method is-config="true" signature="closeApplication()[pri:0, instance:store.tests.StandAloneTest@1a38c59b]" started-at="2026-04-13T14:45:23 IST" name="closeApplication" finished-at="2026-04-13T14:45:25 IST" duration-ms="2160" status="PASS">
          <reporter-output>
          </reporter-output>
        </test-method> <!-- closeApplication -->
      </class> <!-- store.tests.StandAloneTest -->
    </test> <!-- Surefire test -->
  </suite> <!-- Surefire suite -->
</testng-results>
