<?xml version="1.0" encoding="UTF-8"?>
<testng-results ignored="0" total="2" passed="2" failed="0" skipped="0">
  <reporter-output>
  </reporter-output>
  <suite started-at="2026-04-05T13:32:30 IST" name="Default suite" finished-at="2026-04-05T13:33:00 IST" duration-ms="29914">
    <groups>
    </groups>
    <test started-at="2026-04-05T13:32:30 IST" name="Default test" finished-at="2026-04-05T13:33:00 IST" duration-ms="29914">
      <class name="store.tests.StandAloneTest">
        <test-method is-config="true" signature="launchApplication()[pri:0, instance:store.tests.StandAloneTest@9597028]" started-at="2026-04-05T13:32:30 IST" name="launchApplication" finished-at="2026-04-05T13:32:41 IST" duration-ms="10211" status="PASS">
          <reporter-output>
          </reporter-output>
        </test-method> <!-- launchApplication -->
        <test-method signature="storeOrder()[pri:0, instance:store.tests.StandAloneTest@9597028]" started-at="2026-04-05T13:32:41 IST" name="storeOrder" finished-at="2026-04-05T13:32:47 IST" duration-ms="6360" status="PASS">
          <reporter-output>
          </reporter-output>
        </test-method> <!-- storeOrder -->
        <test-method is-config="true" signature="closeApplication()[pri:0, instance:store.tests.StandAloneTest@9597028]" started-at="2026-04-05T13:32:47 IST" name="closeApplication" finished-at="2026-04-05T13:32:49 IST" duration-ms="2177" status="PASS">
          <reporter-output>
          </reporter-output>
        </test-method> <!-- closeApplication -->
        <test-method is-config="true" signature="launchApplication()[pri:0, instance:store.tests.StandAloneTest@9597028]" started-at="2026-04-05T13:32:49 IST" name="launchApplication" finished-at="2026-04-05T13:32:55 IST" duration-ms="6196" status="PASS">
          <reporter-output>
          </reporter-output>
        </test-method> <!-- launchApplication -->
        <test-method signature="OrderHistory()[pri:0, instance:store.tests.StandAloneTest@9597028]" started-at="2026-04-05T13:32:55 IST" name="OrderHistory" finished-at="2026-04-05T13:32:58 IST" depends-on-methods="store.tests.StandAloneTest.storeOrder" duration-ms="2787" status="PASS">
          <reporter-output>
          </reporter-output>
        </test-method> <!-- OrderHistory -->
        <test-method is-config="true" signature="closeApplication()[pri:0, instance:store.tests.StandAloneTest@9597028]" started-at="2026-04-05T13:32:58 IST" name="closeApplication" finished-at="2026-04-05T13:33:00 IST" duration-ms="2129" status="PASS">
          <reporter-output>
          </reporter-output>
        </test-method> <!-- closeApplication -->
      </class> <!-- store.tests.StandAloneTest -->
    </test> <!-- Default test -->
  </suite> <!-- Default suite -->
</testng-results>
