<?xml version="1.0" encoding="UTF-8"?>
<testng-results ignored="0" total="2" passed="2" failed="0" skipped="0">
  <reporter-output>
  </reporter-output>
  <suite started-at="2026-06-28T19:16:44 IST" name="Default suite" finished-at="2026-06-28T19:17:04 IST" duration-ms="19851">
    <groups>
    </groups>
    <test started-at="2026-06-28T19:16:44 IST" name="Default test" finished-at="2026-06-28T19:17:04 IST" duration-ms="19851">
      <class name="store.tests.StandAloneTest">
        <test-method is-config="true" signature="launchApplication()[pri:0, instance:store.tests.StandAloneTest@9597028]" started-at="2026-06-28T19:16:44 IST" name="launchApplication" finished-at="2026-06-28T19:16:46 IST" duration-ms="2267" status="PASS">
          <reporter-output>
          </reporter-output>
        </test-method> <!-- launchApplication -->
        <test-method signature="storeOrder()[pri:0, instance:store.tests.StandAloneTest@9597028]" started-at="2026-06-28T19:16:46 IST" name="storeOrder" finished-at="2026-06-28T19:16:53 IST" duration-ms="6579" status="PASS">
          <reporter-output>
          </reporter-output>
        </test-method> <!-- storeOrder -->
        <test-method is-config="true" signature="closeApplication()[pri:0, instance:store.tests.StandAloneTest@9597028]" started-at="2026-06-28T19:16:53 IST" name="closeApplication" finished-at="2026-06-28T19:16:55 IST" duration-ms="2162" status="PASS">
          <reporter-output>
          </reporter-output>
        </test-method> <!-- closeApplication -->
        <test-method is-config="true" signature="launchApplication()[pri:0, instance:store.tests.StandAloneTest@9597028]" started-at="2026-06-28T19:16:55 IST" name="launchApplication" finished-at="2026-06-28T19:16:59 IST" duration-ms="3950" status="PASS">
          <reporter-output>
          </reporter-output>
        </test-method> <!-- launchApplication -->
        <test-method signature="OrderHistory()[pri:0, instance:store.tests.StandAloneTest@9597028]" started-at="2026-06-28T19:16:59 IST" name="OrderHistory" finished-at="2026-06-28T19:17:02 IST" depends-on-methods="store.tests.StandAloneTest.storeOrder" duration-ms="2703" status="PASS">
          <reporter-output>
          </reporter-output>
        </test-method> <!-- OrderHistory -->
        <test-method is-config="true" signature="closeApplication()[pri:0, instance:store.tests.StandAloneTest@9597028]" started-at="2026-06-28T19:17:02 IST" name="closeApplication" finished-at="2026-06-28T19:17:04 IST" duration-ms="2157" status="PASS">
          <reporter-output>
          </reporter-output>
        </test-method> <!-- closeApplication -->
      </class> <!-- store.tests.StandAloneTest -->
    </test> <!-- Default test -->
  </suite> <!-- Default suite -->
</testng-results>
