<?xml version="1.0" encoding="UTF-8"?>
<!-- Generated by org.testng.reporters.JUnitReportReporter -->
<testsuite hostname="Mosouwers-MacBook-Air.local" failures="0" tests="4" name="testNG.HomeLoanModule" time="0.009" errors="0" timestamp="2026-03-06T10:50:21 IST" skipped="0">
  <testcase classname="testNG.HomeLoanModule" name="HomeLoanMobileLogout" time="0.001"/>
  <testcase classname="testNG.HomeLoanModule" name="HomeLoanApi" time="0.007"/>
  <testcase classname="testNG.HomeLoanModule" name="HomeLoanMobileLogin" time="0.001"/>
  <testcase classname="testNG.HomeLoanModule" name="HomeLoanWeb" time="0.000"/>
</testsuite> <!-- testNG.HomeLoanModule -->
