<?xml version="1.0" encoding="UTF-8"?>
<!-- Generated by org.testng.reporters.JUnitReportReporter -->
<testsuite hostname="Mosouwers-MacBook-Air.local" failures="0" tests="4" name="testNG.CarLoanModule" time="0.009" errors="0" timestamp="2026-03-06T10:50:21 IST" skipped="1">
  <testcase classname="testNG.CarLoanModule" name="CarLoanApi" time="0.001"/>
  <testcase classname="testNG.CarLoanModule" name="CarLoanWeb" time="0.001"/>
  <testcase classname="testNG.CarLoanModule" name="CarLoanMobile" time="0.007"/>
  <testcase classname="testNG.CarLoanModule" name="CarLoanMisc">
    <skipped/>
  </testcase> <!-- CarLoanMisc -->
</testsuite> <!-- testNG.CarLoanModule -->
