<?xml version="1.0" encoding="UTF-8"?>
<!-- Generated by org.testng.reporters.JUnitReportReporter -->
<testsuite hostname="Mosouwers-MacBook-Air.local" failures="0" tests="2" name="javaStreams.Streams1" time="0.005" errors="0" timestamp="2026-03-06T11:19:17 IST" skipped="1">
  <testcase classname="javaStreams.Streams1" name="streamfilter" time="0.005"/>
  <testcase classname="javaStreams.Streams1" name="regular">
    <skipped/>
  </testcase> <!-- regular -->
</testsuite> <!-- javaStreams.Streams1 -->
