<?xml version="1.0" encoding="UTF-8"?>
<!-- Generated by org.testng.reporters.JUnitReportReporter -->
<testsuite hostname="Mosouwers-MacBook-Air.local" failures="0" tests="2" name="store.tests.StandAloneTest" time="19.818" errors="0" timestamp="2026-06-28T19:17:04 IST" skipped="0">
  <testcase classname="store.tests.StandAloneTest" name="OrderHistory" time="7.127"/>
  <testcase classname="store.tests.StandAloneTest" name="storeOrder" time="12.691"/>
</testsuite> <!-- store.tests.StandAloneTest -->
