<?xml version="1.0" encoding="UTF-8"?>
<!-- Generated by org.testng.reporters.JUnitReportReporter -->
<testsuite hostname="Mosouwers-MacBook-Air.local" failures="0" tests="2" name="store.tests.StandAloneTest" time="17.325" errors="0" timestamp="2026-06-28T19:19:51 IST" skipped="0">
  <testcase classname="store.tests.StandAloneTest" name="OrderHistory" time="6.871"/>
  <testcase classname="store.tests.StandAloneTest" name="storeOrder" time="10.454"/>
</testsuite> <!-- store.tests.StandAloneTest -->
