<?xml version="1.0" encoding="UTF-8"?>
<!-- Generated by org.testng.reporters.JUnitReportReporter -->
<testsuite hostname="Mosouwers-MacBook-Air.local" failures="0" tests="2" name="store.tests.StandAloneTest" time="24.646" errors="0" timestamp="2026-04-13T14:45:25 IST" skipped="0">
  <testcase classname="store.tests.StandAloneTest" name="OrderHistory" time="9.081"/>
  <testcase classname="store.tests.StandAloneTest" name="storeOrder" time="15.565"/>
</testsuite> <!-- store.tests.StandAloneTest -->
